<?xml version="1.0" encoding="UTF-8"?>
<!-- Generated by org.testng.reporters.JUnitXMLReporter -->
<testsuite hostname="abcs-MacBook-Pro.local" ignored="0" name="Test" tests="1" failures="0" timestamp="17 May 2020 04:51:00 GMT" time="0.089" errors="0">
  <testcase name="@BeforeMethod setUp" time="0.027" classname="tests.appleSearchTest">
    <failure type="java.lang.NullPointerException">
      <![CDATA[java.lang.NullPointerException
	at base.TestBase.initialization(TestBase.java:49)
	at tests.appleSearchTest.setUp(appleSearchTest.java:21)
... Removed 27 stack frames]]>
    </failure>
  </testcase> <!-- @BeforeMethod setUp -->
  <testcase name="productSearch" time="0.0" classname="tests.appleSearchTest">
    <skipped/>
  </testcase> <!-- productSearch -->
</testsuite> <!-- Test -->
